{
  "RSpec": {
    "coverage": {
      "/Users/admin/Dropbox/Hiring Week/bank_tech_test/spec/feature/bank_account_feature_spec.rb": [
        1,
        null,
        1,
        1,
        1,
        1,
        1,
        1,
        1,
        null,
        null
      ],
      "/Users/admin/Dropbox/Hiring Week/bank_tech_test/lib/bank_account.rb": [
        1,
        null,
        1,
        null,
        1,
        null,
        1,
        3,
        3,
        null,
        null,
        1,
        5,
        5,
        null,
        null,
        1,
        1,
        1,
        null,
        null
      ],
      "/Users/admin/Dropbox/Hiring Week/bank_tech_test/spec/unit/bank_account_spec.rb": [
        1,
        null,
        1,
        3,
        null,
        1,
        1,
        4,
        null,
        null,
        null,
        1,
        1,
        1,
        4,
        null,
        null,
        null,
        null
      ],
      "/Users/admin/Dropbox/Hiring Week/bank_tech_test/spec/unit/statement_spec.rb": [
        1,
        null,
        1,
        2,
        null,
        1,
        1,
        1,
        1,
        1,
        null,
        null,
        null,
        1,
        1,
        null,
        null,
        null,
        null
      ],
      "/Users/admin/Dropbox/Hiring Week/bank_tech_test/lib/statement.rb": [
        1,
        1,
        4,
        null,
        null,
        1,
        7,
        null,
        null,
        1,
        null,
        2,
        null,
        null,
        1,
        null,
        1,
        7,
        null,
        null,
        null
      ]
    },
    "timestamp": 1467126657
  }
}
